<?xml version="1.0" encoding="UTF-8"?>
<!-- Generated by org.testng.reporters.JUnitReportReporter -->
<testsuite skipped="0" hostname="CTLT095" name="testcases.SanityTest" tests="20" failures="0" timestamp="13 Apr 2020 15:18:23 GMT" time="65.936" errors="0">
  <testcase name="open_Registration" time="2.857" classname="testcases.SanityTest"/>
  <testcase name="open_Registration" time="5.106" classname="testcases.SanityTest"/>
  <testcase name="open_Registration" time="2.802" classname="testcases.SanityTest"/>
  <testcase name="open_Registration" time="5.078" classname="testcases.SanityTest"/>
  <testcase name="user_Registration" time="4.749" classname="testcases.SanityTest"/>
  <testcase name="user_Registration" time="4.586" classname="testcases.SanityTest"/>
  <testcase name="user_Registration" time="4.745" classname="testcases.SanityTest"/>
  <testcase name="user_Registration" time="5.274" classname="testcases.SanityTest"/>
  <testcase name="confirm_User_Registration" time="0.991" classname="testcases.SanityTest"/>
  <testcase name="confirm_User_Registration" time="1.028" classname="testcases.SanityTest"/>
  <testcase name="confirm_User_Registration" time="1.160" classname="testcases.SanityTest"/>
  <testcase name="confirm_User_Registration" time="1.717" classname="testcases.SanityTest"/>
  <testcase name="flight_Reservation" time="3.162" classname="testcases.SanityTest"/>
  <testcase name="flight_Reservation" time="3.163" classname="testcases.SanityTest"/>
  <testcase name="flight_Reservation" time="11.573" classname="testcases.SanityTest"/>
  <testcase name="flight_Reservation" time="3.161" classname="testcases.SanityTest"/>
  <testcase name="flight_Confirmation" time="1.118" classname="testcases.SanityTest"/>
  <testcase name="flight_Confirmation" time="1.258" classname="testcases.SanityTest"/>
  <testcase name="flight_Confirmation" time="1.296" classname="testcases.SanityTest"/>
  <testcase name="flight_Confirmation" time="1.112" classname="testcases.SanityTest"/>
</testsuite> <!-- testcases.SanityTest -->
