<?xml version="1.0" encoding="UTF-8"?>
<!-- Generated by org.testng.reporters.JUnitReportReporter -->
<testsuite skipped="0" hostname="CTLT095" name="testcases.SanityTest" tests="20" failures="0" timestamp="13 Apr 2020 09:11:24 GMT" time="119.581" errors="0">
  <testcase name="open_Registration" time="3.461" classname="testcases.SanityTest"/>
  <testcase name="open_Registration" time="3.196" classname="testcases.SanityTest"/>
  <testcase name="open_Registration" time="3.292" classname="testcases.SanityTest"/>
  <testcase name="open_Registration" time="3.349" classname="testcases.SanityTest"/>
  <testcase name="user_Registration" time="20.609" classname="testcases.SanityTest"/>
  <testcase name="user_Registration" time="20.809" classname="testcases.SanityTest"/>
  <testcase name="user_Registration" time="20.906" classname="testcases.SanityTest"/>
  <testcase name="user_Registration" time="20.499" classname="testcases.SanityTest"/>
  <testcase name="confirm_User_Registration" time="1.163" classname="testcases.SanityTest"/>
  <testcase name="confirm_User_Registration" time="1.141" classname="testcases.SanityTest"/>
  <testcase name="confirm_User_Registration" time="1.161" classname="testcases.SanityTest"/>
  <testcase name="confirm_User_Registration" time="1.160" classname="testcases.SanityTest"/>
  <testcase name="flight_Reservation" time="3.420" classname="testcases.SanityTest"/>
  <testcase name="flight_Reservation" time="3.219" classname="testcases.SanityTest"/>
  <testcase name="flight_Reservation" time="3.363" classname="testcases.SanityTest"/>
  <testcase name="flight_Reservation" time="3.397" classname="testcases.SanityTest"/>
  <testcase name="flight_Confirmation" time="1.342" classname="testcases.SanityTest"/>
  <testcase name="flight_Confirmation" time="1.373" classname="testcases.SanityTest"/>
  <testcase name="flight_Confirmation" time="1.364" classname="testcases.SanityTest"/>
  <testcase name="flight_Confirmation" time="1.357" classname="testcases.SanityTest"/>
</testsuite> <!-- testcases.SanityTest -->
