<?xml version="1.0" encoding="UTF-8"?>
<!-- Generated by org.testng.reporters.JUnitReportReporter -->
<testsuite skipped="0" hostname="CTLT095" name="testcases.SanityTest" tests="5" failures="0" timestamp="2020-04-12T22:11:47 IST" time="14.570" errors="0">
  <testcase name="open_Registration" time="3.575" classname="testcases.SanityTest"/>
  <system-out/>
  <testcase name="user_Registration" time="5.743" classname="testcases.SanityTest"/>
  <system-out/>
  <testcase name="confirm_User_Registration" time="1.038" classname="testcases.SanityTest"/>
  <system-out/>
  <testcase name="flight_Reservation" time="3.012" classname="testcases.SanityTest"/>
  <system-out/>
  <testcase name="flight_Confirmation" time="1.202" classname="testcases.SanityTest"/>
  <system-out/>
</testsuite> <!-- testcases.SanityTest -->
