<?xml version="1.0" encoding="UTF-8"?>
<!-- Generated by org.testng.reporters.JUnitReportReporter -->
<testsuite skipped="0" hostname="CTLT095" name="testcases.SanityTest" tests="3" failures="0" timestamp="2020-04-11T18:19:39 IST" time="25.577" errors="0">
  <testcase name="openRegistration" time="3.309" classname="testcases.SanityTest"/>
  <system-out/>
  <testcase name="userRegistration" time="21.245" classname="testcases.SanityTest"/>
  <system-out/>
  <testcase name="confirmUserRegistration" time="1.023" classname="testcases.SanityTest"/>
  <system-out/>
</testsuite> <!-- testcases.SanityTest -->
