<?xml version="1.0" encoding="UTF-8"?>
<!-- Generated by org.testng.reporters.JUnitReportReporter -->
<testsuite skipped="0" hostname="CTLT095" name="testcases.SanityTest1" tests="20" failures="0" timestamp="12 Apr 2020 19:48:45 GMT" time="53.375" errors="0">
  <testcase name="open_Registration" time="3.035" classname="testcases.SanityTest1"/>
  <testcase name="open_Registration" time="3.593" classname="testcases.SanityTest1"/>
  <testcase name="open_Registration" time="2.976" classname="testcases.SanityTest1"/>
  <testcase name="open_Registration" time="3.897" classname="testcases.SanityTest1"/>
  <testcase name="user_Registration" time="4.285" classname="testcases.SanityTest1"/>
  <testcase name="user_Registration" time="4.425" classname="testcases.SanityTest1"/>
  <testcase name="user_Registration" time="4.210" classname="testcases.SanityTest1"/>
  <testcase name="user_Registration" time="4.414" classname="testcases.SanityTest1"/>
  <testcase name="confirm_User_Registration" time="0.921" classname="testcases.SanityTest1"/>
  <testcase name="confirm_User_Registration" time="1.178" classname="testcases.SanityTest1"/>
  <testcase name="confirm_User_Registration" time="1.205" classname="testcases.SanityTest1"/>
  <testcase name="confirm_User_Registration" time="1.236" classname="testcases.SanityTest1"/>
  <testcase name="flight_Reservation" time="3.324" classname="testcases.SanityTest1"/>
  <testcase name="flight_Reservation" time="3.324" classname="testcases.SanityTest1"/>
  <testcase name="flight_Reservation" time="3.278" classname="testcases.SanityTest1"/>
  <testcase name="flight_Reservation" time="3.032" classname="testcases.SanityTest1"/>
  <testcase name="flight_Confirmation" time="1.174" classname="testcases.SanityTest1"/>
  <testcase name="flight_Confirmation" time="1.307" classname="testcases.SanityTest1"/>
  <testcase name="flight_Confirmation" time="1.288" classname="testcases.SanityTest1"/>
  <testcase name="flight_Confirmation" time="1.273" classname="testcases.SanityTest1"/>
</testsuite> <!-- testcases.SanityTest1 -->
