<?xml version="1.0" encoding="UTF-8"?>
<!-- Generated by org.testng.reporters.JUnitReportReporter -->
<testsuite skipped="0" hostname="CTLT095" name="testcases.SanityTest" tests="1" failures="0" timestamp="2020-04-09T20:58:07 IST" time="8.048" errors="0">
  <testcase name="sanityTest" time="8.048" classname="testcases.SanityTest"/>
  <system-out/>
</testsuite> <!-- testcases.SanityTest -->
