<?xml version="1.0" encoding="UTF-8"?>
<!-- Generated by org.testng.reporters.JUnitReportReporter -->
<testsuite skipped="0" hostname="CTLT095" name="testcases.SanityTest1" tests="20" failures="0" timestamp="13 Apr 2020 07:57:16 GMT" time="73.852" errors="0">
  <testcase name="open_Registration" time="4.046" classname="testcases.SanityTest1"/>
  <testcase name="open_Registration" time="4.012" classname="testcases.SanityTest1"/>
  <testcase name="open_Registration" time="5.091" classname="testcases.SanityTest1"/>
  <testcase name="open_Registration" time="3.356" classname="testcases.SanityTest1"/>
  <testcase name="user_Registration" time="7.012" classname="testcases.SanityTest1"/>
  <testcase name="user_Registration" time="8.960" classname="testcases.SanityTest1"/>
  <testcase name="user_Registration" time="8.576" classname="testcases.SanityTest1"/>
  <testcase name="user_Registration" time="8.596" classname="testcases.SanityTest1"/>
  <testcase name="confirm_User_Registration" time="1.063" classname="testcases.SanityTest1"/>
  <testcase name="confirm_User_Registration" time="1.248" classname="testcases.SanityTest1"/>
  <testcase name="confirm_User_Registration" time="1.330" classname="testcases.SanityTest1"/>
  <testcase name="confirm_User_Registration" time="1.099" classname="testcases.SanityTest1"/>
  <testcase name="flight_Reservation" time="3.473" classname="testcases.SanityTest1"/>
  <testcase name="flight_Reservation" time="3.451" classname="testcases.SanityTest1"/>
  <testcase name="flight_Reservation" time="3.608" classname="testcases.SanityTest1"/>
  <testcase name="flight_Reservation" time="3.352" classname="testcases.SanityTest1"/>
  <testcase name="flight_Confirmation" time="1.401" classname="testcases.SanityTest1"/>
  <testcase name="flight_Confirmation" time="1.329" classname="testcases.SanityTest1"/>
  <testcase name="flight_Confirmation" time="1.469" classname="testcases.SanityTest1"/>
  <testcase name="flight_Confirmation" time="1.380" classname="testcases.SanityTest1"/>
</testsuite> <!-- testcases.SanityTest1 -->
