<?xml version="1.0" encoding="UTF-8"?>
<!-- Generated by org.testng.reporters.JUnitReportReporter -->
<testsuite skipped="0" hostname="CTLT095" name="testcases.SanityTest" tests="3" failures="0" timestamp="2020-04-10T01:10:39 IST" time="7.612" errors="0">
  <testcase name="openRegistration" time="3.100" classname="testcases.SanityTest"/>
  <system-out/>
  <testcase name="userRegistration" time="3.529" classname="testcases.SanityTest"/>
  <system-out/>
  <testcase name="confirmUserRegistration" time="0.983" classname="testcases.SanityTest"/>
  <system-out/>
</testsuite> <!-- testcases.SanityTest -->
