<?xml version="1.0" encoding="UTF-8"?>
<!-- Generated by org.testng.reporters.JUnitReportReporter -->
<testsuite skipped="0" hostname="CTLT095" name="docker.SetUpGrid" tests="2" failures="0" timestamp="13 Apr 2020 17:55:21 GMT" time="15.037" errors="0">
  <testcase name="start_docker_grid" time="10.015" classname="docker.SetUpGrid"/>
  <testcase name="stop_docker_grid" time="5.022" classname="docker.SetUpGrid"/>
</testsuite> <!-- docker.SetUpGrid -->
