<?xml version="1.0" encoding="UTF-8"?>
<!-- Generated by org.testng.reporters.JUnitReportReporter -->
<testsuite skipped="0" hostname="CTLT095" name="base.BaseTest" tests="1" failures="0" timestamp="2020-04-09T20:35:20 IST" time="7.774" errors="0">
  <testcase name="sanityTest" time="7.774" classname="base.BaseTest"/>
  <system-out/>
</testsuite> <!-- base.BaseTest -->
