<?xml version="1.0" encoding="UTF-8"?>
<!-- Generated by org.testng.reporters.JUnitReportReporter -->
<testsuite skipped="0" hostname="CTLT095" name="testcases.SanityTest" tests="3" failures="0" timestamp="2020-04-11T20:13:43 IST" time="16.902" errors="0">
  <testcase name="openRegistration" time="3.360" classname="testcases.SanityTest"/>
  <system-out/>
  <testcase name="userRegistration" time="12.572" classname="testcases.SanityTest"/>
  <system-out/>
  <testcase name="confirmUserRegistration" time="0.970" classname="testcases.SanityTest"/>
  <system-out/>
</testsuite> <!-- testcases.SanityTest -->
