<?xml version="1.0" encoding="UTF-8"?>
<!-- Generated by org.testng.reporters.JUnitReportReporter -->
<testsuite skipped="0" hostname="CTLT095" name="roughwork.SampleTest" tests="1" failures="0" timestamp="2020-04-08T20:29:51 IST" time="1.890" errors="0">
  <testcase name="TC" time="1.890" classname="roughwork.SampleTest"/>
  <system-out/>
</testsuite> <!-- roughwork.SampleTest -->
