<?xml version="1.0" encoding="UTF-8"?>
<!-- Generated by org.testng.reporters.JUnitReportReporter -->
<testsuite skipped="0" hostname="CTLT095" name="roughwork.SampleTest" tests="1" failures="0" timestamp="2020-04-08T18:48:57 IST" time="2.445" errors="0">
  <testcase name="TC" time="2.445" classname="roughwork.SampleTest"/>
  <system-out/>
</testsuite> <!-- roughwork.SampleTest -->
