<?xml version="1.0" encoding="UTF-8"?>
<!-- Generated by org.testng.reporters.JUnitReportReporter -->
<testsuite skipped="0" hostname="CTLT095" name="testcases.SanityTest" tests="20" failures="0" timestamp="13 Apr 2020 18:32:59 GMT" time="73.845" errors="0">
  <testcase name="open_Registration" time="3.471" classname="testcases.SanityTest"/>
  <testcase name="open_Registration" time="3.407" classname="testcases.SanityTest"/>
  <testcase name="open_Registration" time="3.300" classname="testcases.SanityTest"/>
  <testcase name="open_Registration" time="3.389" classname="testcases.SanityTest"/>
  <testcase name="user_Registration" time="8.953" classname="testcases.SanityTest"/>
  <testcase name="user_Registration" time="9.061" classname="testcases.SanityTest"/>
  <testcase name="user_Registration" time="8.759" classname="testcases.SanityTest"/>
  <testcase name="user_Registration" time="9.001" classname="testcases.SanityTest"/>
  <testcase name="confirm_User_Registration" time="1.210" classname="testcases.SanityTest"/>
  <testcase name="confirm_User_Registration" time="1.209" classname="testcases.SanityTest"/>
  <testcase name="confirm_User_Registration" time="1.211" classname="testcases.SanityTest"/>
  <testcase name="confirm_User_Registration" time="1.224" classname="testcases.SanityTest"/>
  <testcase name="flight_Reservation" time="3.560" classname="testcases.SanityTest"/>
  <testcase name="flight_Reservation" time="3.591" classname="testcases.SanityTest"/>
  <testcase name="flight_Reservation" time="3.559" classname="testcases.SanityTest"/>
  <testcase name="flight_Reservation" time="3.523" classname="testcases.SanityTest"/>
  <testcase name="flight_Confirmation" time="1.326" classname="testcases.SanityTest"/>
  <testcase name="flight_Confirmation" time="1.397" classname="testcases.SanityTest"/>
  <testcase name="flight_Confirmation" time="1.338" classname="testcases.SanityTest"/>
  <testcase name="flight_Confirmation" time="1.356" classname="testcases.SanityTest"/>
</testsuite> <!-- testcases.SanityTest -->
